Using pre-set license
Built from '2022.3/release' branch; Version is '2022.3.0f1 (fb119bb0b476) revision 16454043'; Using compiler version '192829333'; Build Type 'Release'
OS: 'Windows 10  (10.0.19045) 64bit Professional' Language: 'en' Physical Memory: 32718 MB
BatchMode: 1, IsHumanControllingUs: 0, StartBugReporterOnCrash: 0, Is64bit: 1, IsPro: 1

COMMAND LINE ARGUMENTS:
C:\Program Files\Unity\Hub\Editor\2022.3.0f1\Editor\Unity.exe
-adb2
-batchMode
-noUpm
-name
AssetImportWorker2
-projectPath
D:/Casual Game Design Game/EldritchSashimi/EldritchSashimi
-logFile
Logs/AssetImportWorker2.log
-srvPort
59231
Successfully changed project path to: D:/Casual Game Design Game/EldritchSashimi/EldritchSashimi
D:/Casual Game Design Game/EldritchSashimi/EldritchSashimi
[UnityMemory] Configuration Parameters - Can be set up in boot.config
    "memorysetup-bucket-allocator-granularity=16"
    "memorysetup-bucket-allocator-bucket-count=8"
    "memorysetup-bucket-allocator-block-size=33554432"
    "memorysetup-bucket-allocator-block-count=8"
    "memorysetup-main-allocator-block-size=16777216"
    "memorysetup-thread-allocator-block-size=16777216"
    "memorysetup-gfx-main-allocator-block-size=16777216"
    "memorysetup-gfx-thread-allocator-block-size=16777216"
    "memorysetup-cache-allocator-block-size=4194304"
    "memorysetup-typetree-allocator-block-size=2097152"
    "memorysetup-profiler-bucket-allocator-granularity=16"
    "memorysetup-profiler-bucket-allocator-bucket-count=8"
    "memorysetup-profiler-bucket-allocator-block-size=33554432"
    "memorysetup-profiler-bucket-allocator-block-count=8"
    "memorysetup-profiler-allocator-block-size=16777216"
    "memorysetup-profiler-editor-allocator-block-size=1048576"
    "memorysetup-temp-allocator-size-main=16777216"
    "memorysetup-job-temp-allocator-block-size=2097152"
    "memorysetup-job-temp-allocator-block-size-background=1048576"
    "memorysetup-job-temp-allocator-reduction-small-platforms=262144"
    "memorysetup-allocator-temp-initial-block-size-main=262144"
    "memorysetup-allocator-temp-initial-block-size-worker=262144"
    "memorysetup-temp-allocator-size-background-worker=32768"
    "memorysetup-temp-allocator-size-job-worker=262144"
    "memorysetup-temp-allocator-size-preload-manager=33554432"
    "memorysetup-temp-allocator-size-nav-mesh-worker=65536"
    "memorysetup-temp-allocator-size-audio-worker=65536"
    "memorysetup-temp-allocator-size-cloud-worker=32768"
    "memorysetup-temp-allocator-size-gi-baking-worker=262144"
    "memorysetup-temp-allocator-size-gfx=262144"
Player connection [5572] Host "[IP] 10.127.16.216 [Port] 0 [Flags] 2 [Guid] 1772305564 [EditorId] 1772305564 [Version] 1048832 [Id] WindowsEditor(7,DESKTOP-JR34A0I) [Debug] 1 [PackageName] WindowsEditor [ProjectName] Editor" joined multi-casting on [225.0.0.222:54997]...

Player connection [5572] Host "[IP] 10.127.16.216 [Port] 0 [Flags] 2 [Guid] 1772305564 [EditorId] 1772305564 [Version] 1048832 [Id] WindowsEditor(7,DESKTOP-JR34A0I) [Debug] 1 [PackageName] WindowsEditor [ProjectName] Editor" joined alternative multi-casting on [225.0.0.222:34997]...

Refreshing native plugins compatible for Editor in 9.47 ms, found 3 plugins.
Preloading 0 native plugins for Editor in 0.00 ms.
Initialize engine version: 2022.3.0f1 (fb119bb0b476)
[Subsystems] Discovering subsystems at path C:/Program Files/Unity/Hub/Editor/2022.3.0f1/Editor/Data/Resources/UnitySubsystems
[Subsystems] Discovering subsystems at path D:/Casual Game Design Game/EldritchSashimi/EldritchSashimi/Assets
GfxDevice: creating device client; threaded=0; jobified=0
Direct3D:
    Version:  Direct3D 11.0 [level 11.1]
    Renderer: NVIDIA GeForce RTX 3060 (ID=0x2487)
    Vendor:   NVIDIA
    VRAM:     12124 MB
    Driver:   31.0.15.3742
Initialize mono
Mono path[0] = 'C:/Program Files/Unity/Hub/Editor/2022.3.0f1/Editor/Data/Managed'
Mono path[1] = 'C:/Program Files/Unity/Hub/Editor/2022.3.0f1/Editor/Data/MonoBleedingEdge/lib/mono/unityjit-win32'
Mono config path = 'C:/Program Files/Unity/Hub/Editor/2022.3.0f1/Editor/Data/MonoBleedingEdge/etc'
Using monoOptions --debugger-agent=transport=dt_socket,embedding=1,server=y,suspend=n,address=127.0.0.1:56348
Begin MonoManager ReloadAssembly
Registering precompiled unity dll's ...
Register platform support module: C:/Program Files/Unity/Hub/Editor/2022.3.0f1/Editor/Data/PlaybackEngines/WindowsStandaloneSupport/UnityEditor.WindowsStandalone.Extensions.dll
Registered in 0.011714 seconds.
- Loaded All Assemblies, in  0.366 seconds
Native extension for WindowsStandalone target not found
Mono: successfully reloaded assembly
- Finished resetting the current domain, in  0.285 seconds
Domain Reload Profiling: 649ms
	BeginReloadAssembly (99ms)
		ExecutionOrderSort (0ms)
		DisableScriptedObjects (0ms)
		BackupInstance (0ms)
		ReleaseScriptingObjects (0ms)
		CreateAndSetChildDomain (1ms)
	RebuildCommonClasses (40ms)
	RebuildNativeTypeToScriptingClass (11ms)
	initialDomainReloadingComplete (69ms)
	LoadAllAssembliesAndSetupDomain (143ms)
		LoadAssemblies (96ms)
		RebuildTransferFunctionScriptingTraits (0ms)
		AnalyzeDomain (134ms)
			TypeCache.Refresh (133ms)
				TypeCache.ScanAssembly (122ms)
			ScanForSourceGeneratedMonoScriptInfo (0ms)
			ResolveRequiredComponents (0ms)
	FinalizeReload (285ms)
		ReleaseScriptCaches (0ms)
		RebuildScriptCaches (0ms)
		SetupLoadedEditorAssemblies (226ms)
			LogAssemblyErrors (0ms)
			InitializePlatformSupportModulesInManaged (11ms)
			SetLoadedEditorAssemblies (8ms)
			RefreshPlugins (0ms)
			BeforeProcessingInitializeOnLoad (2ms)
			ProcessInitializeOnLoadAttributes (152ms)
			ProcessInitializeOnLoadMethodAttributes (53ms)
			AfterProcessingInitializeOnLoad (0ms)
			EditorAssembliesLoaded (0ms)
		ExecutionOrderSort2 (0ms)
		AwakeInstancesAfterBackupRestoration (0ms)
========================================================================
Worker process is ready to serve import requests
Begin MonoManager ReloadAssembly
Symbol file LoadedFromMemory doesn't match image D:\Casual Game Design Game\EldritchSashimi\EldritchSashimi\Library\PackageCache\com.unity.visualscripting@1.8.0\Editor\VisualScripting.Core\Dependencies\YamlDotNet\Unity.VisualScripting.YamlDotNet.dll
Symbol file LoadedFromMemory doesn't match image D:\Casual Game Design Game\EldritchSashimi\EldritchSashimi\Library\PackageCache\com.unity.visualscripting@1.8.0\Editor\VisualScripting.Core\Dependencies\DotNetZip\Unity.VisualScripting.IonicZip.dll
- Loaded All Assemblies, in  0.758 seconds
Refreshing native plugins compatible for Editor in 5.28 ms, found 3 plugins.
Native extension for WindowsStandalone target not found
Mono: successfully reloaded assembly
Package Manager log level set to [2]
[Package Manager] Server::EnsureServerProcessIsRunning -- launch failed, reason: Unity was launched with the -noUpm command-line argument
[Package Manager] UpmClient::Send -- Unable to send message (not connected to UPM process).
[Package Manager] Cannot connect to Unity Package Manager local server
[Package Manager] Server::EnsureServerProcessIsRunning -- launch failed, reason: Unity was launched with the -noUpm command-line argument
[Package Manager] UpmClient::Send -- Unable to send message (not connected to UPM process).
[Package Manager] Cannot connect to Unity Package Manager local server
- Finished resetting the current domain, in  0.603 seconds
Domain Reload Profiling: 1359ms
	BeginReloadAssembly (145ms)
		ExecutionOrderSort (0ms)
		DisableScriptedObjects (6ms)
		BackupInstance (0ms)
		ReleaseScriptingObjects (0ms)
		CreateAndSetChildDomain (23ms)
	RebuildCommonClasses (40ms)
	RebuildNativeTypeToScriptingClass (17ms)
	initialDomainReloadingComplete (53ms)
	LoadAllAssembliesAndSetupDomain (499ms)
		LoadAssemblies (291ms)
		RebuildTransferFunctionScriptingTraits (0ms)
		AnalyzeDomain (282ms)
			TypeCache.Refresh (256ms)
				TypeCache.ScanAssembly (241ms)
			ScanForSourceGeneratedMonoScriptInfo (21ms)
			ResolveRequiredComponents (6ms)
	FinalizeReload (604ms)
		ReleaseScriptCaches (0ms)
		RebuildScriptCaches (0ms)
		SetupLoadedEditorAssemblies (438ms)
			LogAssemblyErrors (0ms)
			InitializePlatformSupportModulesInManaged (7ms)
			SetLoadedEditorAssemblies (5ms)
			RefreshPlugins (0ms)
			BeforeProcessingInitializeOnLoad (70ms)
			ProcessInitializeOnLoadAttributes (326ms)
			ProcessInitializeOnLoadMethodAttributes (18ms)
			AfterProcessingInitializeOnLoad (12ms)
			EditorAssembliesLoaded (0ms)
		ExecutionOrderSort2 (0ms)
		AwakeInstancesAfterBackupRestoration (7ms)
Launched and connected shader compiler UnityShaderCompiler.exe after 0.05 seconds
Refreshing native plugins compatible for Editor in 6.50 ms, found 3 plugins.
Preloading 0 native plugins for Editor in 0.00 ms.
Unloading 3753 Unused Serialized files (Serialized files now loaded: 0)
Unloading 65 unused Assets / (137.7 KB). Loaded Objects now: 4208.
Memory consumption went from 134.8 MB to 134.7 MB.
Total: 3.821500 ms (FindLiveObjects: 0.393400 ms CreateObjectMapping: 0.133300 ms MarkObjects: 3.067500 ms  DeleteObjects: 0.225400 ms)

AssetImportParameters requested are different than current active one (requested -> active):
  custom:container-demuxer-ogg: 62fdf1f143b41e24485cea50d1cbac27 -> 
  custom:video-decoder-ogg-theora: a1e56fd34408186e4bbccfd4996cb3dc -> 
  custom:framework-win-MediaFoundation: 216162199b28c13a410421893ffa2e32 -> 
  custom:container-demuxer-webm: 4f35f7cbe854078d1ac9338744f61a02 -> 
  custom:container-muxer-webm: aa71ff27fc2769a1b78a27578f13a17b -> 
  custom:video-decoder-webm-vp8: 9c59270c3fd7afecdb556c50c9e8de78 -> 
  custom:AudioImporter_EditorPlatform: d09bf68614088b80899f8185d706f6e7 -> 
  custom:video-encoder-webm-vp8: eb34c28f22e8b96e1ab97ce403110664 -> 
  custom:audio-decoder-ogg-vorbis: bf7c407c2cedff20999df2af8eb42d56 -> 
  custom:audio-encoder-webm-vorbis: bf7c407c2cedff20999df2af8eb42d56 -> 
========================================================================
Received Import Request.
  Time since last request: 18361.584826 seconds.
  path: Assets/Prefabs
  artifactKey: Guid(13f9fc1256e12f645b8416dceb182589) Importer(815301076,1909f56bfc062723c751e8b465ee728b)
Start importing Assets/Prefabs using Guid(13f9fc1256e12f645b8416dceb182589) Importer(815301076,1909f56bfc062723c751e8b465ee728b)  -> (artifact id: '05934b3a6ce19d0d3b9f3a286821f4de') in 0.002681 seconds
Number of updated asset objects reloaded before import = 0
Number of asset objects unloaded after import = 0
========================================================================
Received Import Request.
  Time since last request: 0.000024 seconds.
  path: Assets/Prefabs/ProtoEnemy_Export.fbx
  artifactKey: Guid(d74f73964ebe3084495190321e967903) Importer(815301076,1909f56bfc062723c751e8b465ee728b)
Start importing Assets/Prefabs/ProtoEnemy_Export.fbx using Guid(d74f73964ebe3084495190321e967903) Importer(815301076,1909f56bfc062723c751e8b465ee728b)  -> (artifact id: '2b8fba58a61bfb4853e22bb8cc28ccb5') in 0.137360 seconds
Number of updated asset objects reloaded before import = 0
Number of asset objects unloaded after import = 8
========================================================================
Received Prepare
Begin MonoManager ReloadAssembly
Symbol file LoadedFromMemory doesn't match image D:\Casual Game Design Game\EldritchSashimi\EldritchSashimi\Library\PackageCache\com.unity.visualscripting@1.8.0\Editor\VisualScripting.Core\Dependencies\YamlDotNet\Unity.VisualScripting.YamlDotNet.dll
Symbol file LoadedFromMemory doesn't match image D:\Casual Game Design Game\EldritchSashimi\EldritchSashimi\Library\PackageCache\com.unity.visualscripting@1.8.0\Editor\VisualScripting.Core\Dependencies\DotNetZip\Unity.VisualScripting.IonicZip.dll
- Loaded All Assemblies, in  0.643 seconds
Refreshing native plugins compatible for Editor in 5.69 ms, found 3 plugins.
Native extension for WindowsStandalone target not found
Mono: successfully reloaded assembly
[Package Manager] Server::EnsureServerProcessIsRunning -- launch failed, reason: Unity was launched with the -noUpm command-line argument
[Package Manager] UpmClient::Send -- Unable to send message (not connected to UPM process).
[Package Manager] Cannot connect to Unity Package Manager local server
- Finished resetting the current domain, in  0.930 seconds
Domain Reload Profiling: 1571ms
	BeginReloadAssembly (148ms)
		ExecutionOrderSort (0ms)
		DisableScriptedObjects (4ms)
		BackupInstance (0ms)
		ReleaseScriptingObjects (0ms)
		CreateAndSetChildDomain (38ms)
	RebuildCommonClasses (33ms)
	RebuildNativeTypeToScriptingClass (11ms)
	initialDomainReloadingComplete (32ms)
	LoadAllAssembliesAndSetupDomain (417ms)
		LoadAssemblies (256ms)
		RebuildTransferFunctionScriptingTraits (0ms)
		AnalyzeDomain (231ms)
			TypeCache.Refresh (226ms)
				TypeCache.ScanAssembly (215ms)
			ScanForSourceGeneratedMonoScriptInfo (0ms)
			ResolveRequiredComponents (5ms)
	FinalizeReload (931ms)
		ReleaseScriptCaches (0ms)
		RebuildScriptCaches (0ms)
		SetupLoadedEditorAssemblies (409ms)
			LogAssemblyErrors (0ms)
			InitializePlatformSupportModulesInManaged (8ms)
			SetLoadedEditorAssemblies (5ms)
			RefreshPlugins (0ms)
			BeforeProcessingInitializeOnLoad (74ms)
			ProcessInitializeOnLoadAttributes (291ms)
			ProcessInitializeOnLoadMethodAttributes (19ms)
			AfterProcessingInitializeOnLoad (12ms)
			EditorAssembliesLoaded (0ms)
		ExecutionOrderSort2 (0ms)
		AwakeInstancesAfterBackupRestoration (8ms)
Refreshing native plugins compatible for Editor in 5.15 ms, found 3 plugins.
Preloading 0 native plugins for Editor in 0.00 ms.
Unloading 3732 Unused Serialized files (Serialized files now loaded: 0)
Unloading 38 unused Assets / (109.7 KB). Loaded Objects now: 4267.
Memory consumption went from 135.2 MB to 135.1 MB.
Total: 3.154500 ms (FindLiveObjects: 0.368000 ms CreateObjectMapping: 0.099400 ms MarkObjects: 2.601300 ms  DeleteObjects: 0.085000 ms)

Prepare: number of updated asset objects reloaded= 0
AssetImportParameters requested are different than current active one (requested -> active):
  custom:container-demuxer-ogg: 62fdf1f143b41e24485cea50d1cbac27 -> 
  custom:video-decoder-ogg-theora: a1e56fd34408186e4bbccfd4996cb3dc -> 
  custom:framework-win-MediaFoundation: 216162199b28c13a410421893ffa2e32 -> 
  custom:container-demuxer-webm: 4f35f7cbe854078d1ac9338744f61a02 -> 
  custom:container-muxer-webm: aa71ff27fc2769a1b78a27578f13a17b -> 
  custom:video-decoder-webm-vp8: 9c59270c3fd7afecdb556c50c9e8de78 -> 
  custom:AudioImporter_EditorPlatform: d09bf68614088b80899f8185d706f6e7 -> 
  custom:video-encoder-webm-vp8: eb34c28f22e8b96e1ab97ce403110664 -> 
  custom:audio-decoder-ogg-vorbis: bf7c407c2cedff20999df2af8eb42d56 -> 
  custom:audio-encoder-webm-vorbis: bf7c407c2cedff20999df2af8eb42d56 -> 
========================================================================
Received Import Request.
  Time since last request: 151.451928 seconds.
  path: Assets/Prefabs/enemy ranged.prefab
  artifactKey: Guid(e2e7f6af0f66ba840816bcf51c626240) Importer(815301076,1909f56bfc062723c751e8b465ee728b)
Start importing Assets/Prefabs/enemy ranged.prefab using Guid(e2e7f6af0f66ba840816bcf51c626240) Importer(815301076,1909f56bfc062723c751e8b465ee728b)  -> (artifact id: '69d8cf19260427e55a31108906a65b76') in 0.096051 seconds
Number of updated asset objects reloaded before import = 0
Number of asset objects unloaded after import = 67
========================================================================
Received Import Request.
  Time since last request: 16.581214 seconds.
  path: Assets/Prefabs/enemy ranged.prefab
  artifactKey: Guid(e2e7f6af0f66ba840816bcf51c626240) Importer(815301076,1909f56bfc062723c751e8b465ee728b)
Start importing Assets/Prefabs/enemy ranged.prefab using Guid(e2e7f6af0f66ba840816bcf51c626240) Importer(815301076,1909f56bfc062723c751e8b465ee728b)  -> (artifact id: '52a23480f344adc65c81e439b1f58955') in 0.021578 seconds
Number of updated asset objects reloaded before import = 0
Number of asset objects unloaded after import = 67
========================================================================
Received Import Request.
  Time since last request: 8.268409 seconds.
  path: Assets/Prefabs/enemy ranged.prefab
  artifactKey: Guid(e2e7f6af0f66ba840816bcf51c626240) Importer(815301076,1909f56bfc062723c751e8b465ee728b)
Start importing Assets/Prefabs/enemy ranged.prefab using Guid(e2e7f6af0f66ba840816bcf51c626240) Importer(815301076,1909f56bfc062723c751e8b465ee728b)  -> (artifact id: '10e3d55b5179bf0f599e445bb7fffe05') in 0.011776 seconds
Number of updated asset objects reloaded before import = 0
Number of asset objects unloaded after import = 67
========================================================================
Received Import Request.
  Time since last request: 8.958297 seconds.
  path: Assets/Prefabs/enemy ranged.prefab
  artifactKey: Guid(e2e7f6af0f66ba840816bcf51c626240) Importer(815301076,1909f56bfc062723c751e8b465ee728b)
Start importing Assets/Prefabs/enemy ranged.prefab using Guid(e2e7f6af0f66ba840816bcf51c626240) Importer(815301076,1909f56bfc062723c751e8b465ee728b)  -> (artifact id: '83c07f4952f7357e227bdf544392cb26') in 0.012455 seconds
Number of updated asset objects reloaded before import = 0
Number of asset objects unloaded after import = 67
========================================================================
Received Import Request.
  Time since last request: 3.463424 seconds.
  path: Assets/Prefabs/enemy ranged.prefab
  artifactKey: Guid(e2e7f6af0f66ba840816bcf51c626240) Importer(815301076,1909f56bfc062723c751e8b465ee728b)
Start importing Assets/Prefabs/enemy ranged.prefab using Guid(e2e7f6af0f66ba840816bcf51c626240) Importer(815301076,1909f56bfc062723c751e8b465ee728b)  -> (artifact id: '2e29435d0b7d881c0e26eff128641dc6') in 0.012536 seconds
Number of updated asset objects reloaded before import = 0
Number of asset objects unloaded after import = 67
========================================================================
Received Import Request.
  Time since last request: 5.469038 seconds.
  path: Assets/Prefabs/enemy ranged.prefab
  artifactKey: Guid(e2e7f6af0f66ba840816bcf51c626240) Importer(815301076,1909f56bfc062723c751e8b465ee728b)
Start importing Assets/Prefabs/enemy ranged.prefab using Guid(e2e7f6af0f66ba840816bcf51c626240) Importer(815301076,1909f56bfc062723c751e8b465ee728b)  -> (artifact id: 'b19cec26b381264006027a4657b2825f') in 0.012056 seconds
Number of updated asset objects reloaded before import = 0
Number of asset objects unloaded after import = 67
========================================================================
Received Import Request.
  Time since last request: 9.498576 seconds.
  path: Assets/Prefabs/enemy ranged.prefab
  artifactKey: Guid(e2e7f6af0f66ba840816bcf51c626240) Importer(815301076,1909f56bfc062723c751e8b465ee728b)
Start importing Assets/Prefabs/enemy ranged.prefab using Guid(e2e7f6af0f66ba840816bcf51c626240) Importer(815301076,1909f56bfc062723c751e8b465ee728b)  -> (artifact id: 'b51fca625bc2151e8f083733aa4a7aff') in 0.014719 seconds
Number of updated asset objects reloaded before import = 0
Number of asset objects unloaded after import = 67
========================================================================
Received Import Request.
  Time since last request: 3.409250 seconds.
  path: Assets/Prefabs/enemy ranged.prefab
  artifactKey: Guid(e2e7f6af0f66ba840816bcf51c626240) Importer(815301076,1909f56bfc062723c751e8b465ee728b)
Start importing Assets/Prefabs/enemy ranged.prefab using Guid(e2e7f6af0f66ba840816bcf51c626240) Importer(815301076,1909f56bfc062723c751e8b465ee728b)  -> (artifact id: '929fa959e0c9221302782da0d0a9aa75') in 0.012850 seconds
Number of updated asset objects reloaded before import = 0
Number of asset objects unloaded after import = 67
========================================================================
Received Import Request.
  Time since last request: 3.401050 seconds.
  path: Assets/Prefabs/enemy ranged.prefab
  artifactKey: Guid(e2e7f6af0f66ba840816bcf51c626240) Importer(815301076,1909f56bfc062723c751e8b465ee728b)
Start importing Assets/Prefabs/enemy ranged.prefab using Guid(e2e7f6af0f66ba840816bcf51c626240) Importer(815301076,1909f56bfc062723c751e8b465ee728b)  -> (artifact id: '4d0f8c4d721d6a478eda5bd576227285') in 0.012368 seconds
Number of updated asset objects reloaded before import = 0
Number of asset objects unloaded after import = 67
========================================================================
Received Import Request.
  Time since last request: 9.863820 seconds.
  path: Assets/Prefabs/enemy ranged.prefab
  artifactKey: Guid(e2e7f6af0f66ba840816bcf51c626240) Importer(815301076,1909f56bfc062723c751e8b465ee728b)
Start importing Assets/Prefabs/enemy ranged.prefab using Guid(e2e7f6af0f66ba840816bcf51c626240) Importer(815301076,1909f56bfc062723c751e8b465ee728b)  -> (artifact id: 'edb716505bc400deb0e4c4ac200aebd1') in 0.013120 seconds
Number of updated asset objects reloaded before import = 0
Number of asset objects unloaded after import = 67
========================================================================
Received Import Request.
  Time since last request: 2.407533 seconds.
  path: Assets/Prefabs/enemy ranged.prefab
  artifactKey: Guid(e2e7f6af0f66ba840816bcf51c626240) Importer(815301076,1909f56bfc062723c751e8b465ee728b)
Start importing Assets/Prefabs/enemy ranged.prefab using Guid(e2e7f6af0f66ba840816bcf51c626240) Importer(815301076,1909f56bfc062723c751e8b465ee728b)  -> (artifact id: '75021fc95bc41b3115a2388e68586d86') in 0.015889 seconds
Number of updated asset objects reloaded before import = 0
Number of asset objects unloaded after import = 67
========================================================================
Received Import Request.
  Time since last request: 3.606859 seconds.
  path: Assets/Prefabs/enemy ranged.prefab
  artifactKey: Guid(e2e7f6af0f66ba840816bcf51c626240) Importer(815301076,1909f56bfc062723c751e8b465ee728b)
Start importing Assets/Prefabs/enemy ranged.prefab using Guid(e2e7f6af0f66ba840816bcf51c626240) Importer(815301076,1909f56bfc062723c751e8b465ee728b)  -> (artifact id: '4f82cbea53b4a177a2736c92ba8f7bed') in 0.021428 seconds
Number of updated asset objects reloaded before import = 0
Number of asset objects unloaded after import = 67
========================================================================
Received Import Request.
  Time since last request: 5.812920 seconds.
  path: Assets/Prefabs/enemy ranged.prefab
  artifactKey: Guid(e2e7f6af0f66ba840816bcf51c626240) Importer(815301076,1909f56bfc062723c751e8b465ee728b)
Start importing Assets/Prefabs/enemy ranged.prefab using Guid(e2e7f6af0f66ba840816bcf51c626240) Importer(815301076,1909f56bfc062723c751e8b465ee728b)  -> (artifact id: '207c4802e04f0016ab8c01686c3ba010') in 0.013032 seconds
Number of updated asset objects reloaded before import = 0
Number of asset objects unloaded after import = 67
========================================================================
Received Import Request.
  Time since last request: 13.810370 seconds.
  path: Assets/Prefabs/enemy ranged.prefab
  artifactKey: Guid(e2e7f6af0f66ba840816bcf51c626240) Importer(815301076,1909f56bfc062723c751e8b465ee728b)
Start importing Assets/Prefabs/enemy ranged.prefab using Guid(e2e7f6af0f66ba840816bcf51c626240) Importer(815301076,1909f56bfc062723c751e8b465ee728b)  -> (artifact id: '0af2eedc490ae541b0118379ab89e194') in 0.014511 seconds
Number of updated asset objects reloaded before import = 0
Number of asset objects unloaded after import = 67
========================================================================
Received Import Request.
  Time since last request: 5.680637 seconds.
  path: Assets/Prefabs/enemy ranged.prefab
  artifactKey: Guid(e2e7f6af0f66ba840816bcf51c626240) Importer(815301076,1909f56bfc062723c751e8b465ee728b)
Start importing Assets/Prefabs/enemy ranged.prefab using Guid(e2e7f6af0f66ba840816bcf51c626240) Importer(815301076,1909f56bfc062723c751e8b465ee728b)  -> (artifact id: 'c6b4062be8ba9737751f36cd8201e08b') in 0.012023 seconds
Number of updated asset objects reloaded before import = 0
Number of asset objects unloaded after import = 67
========================================================================
Received Import Request.
  Time since last request: 9.701999 seconds.
  path: Assets/Prefabs/enemy ranged.prefab
  artifactKey: Guid(e2e7f6af0f66ba840816bcf51c626240) Importer(815301076,1909f56bfc062723c751e8b465ee728b)
Start importing Assets/Prefabs/enemy ranged.prefab using Guid(e2e7f6af0f66ba840816bcf51c626240) Importer(815301076,1909f56bfc062723c751e8b465ee728b)  -> (artifact id: '395b04734033c901543c08b5da5956ee') in 0.013286 seconds
Number of updated asset objects reloaded before import = 0
Number of asset objects unloaded after import = 67
========================================================================
Received Import Request.
  Time since last request: 10.318571 seconds.
  path: Assets/Prefabs/enemy ranged.prefab
  artifactKey: Guid(e2e7f6af0f66ba840816bcf51c626240) Importer(815301076,1909f56bfc062723c751e8b465ee728b)
Start importing Assets/Prefabs/enemy ranged.prefab using Guid(e2e7f6af0f66ba840816bcf51c626240) Importer(815301076,1909f56bfc062723c751e8b465ee728b)  -> (artifact id: '162fbb89f2bf501f59c21d8d42f95520') in 0.047765 seconds
Number of updated asset objects reloaded before import = 0
Number of asset objects unloaded after import = 67
========================================================================
Received Import Request.
  Time since last request: 2.370863 seconds.
  path: Assets/Prefabs/enemy ranged.prefab
  artifactKey: Guid(e2e7f6af0f66ba840816bcf51c626240) Importer(815301076,1909f56bfc062723c751e8b465ee728b)
Start importing Assets/Prefabs/enemy ranged.prefab using Guid(e2e7f6af0f66ba840816bcf51c626240) Importer(815301076,1909f56bfc062723c751e8b465ee728b)  -> (artifact id: '31643c39f9b6f4e66e3704643fdd39c2') in 0.012724 seconds
Number of updated asset objects reloaded before import = 0
Number of asset objects unloaded after import = 67
========================================================================
Received Import Request.
  Time since last request: 1.706594 seconds.
  path: Assets/Prefabs/enemy ranged.prefab
  artifactKey: Guid(e2e7f6af0f66ba840816bcf51c626240) Importer(815301076,1909f56bfc062723c751e8b465ee728b)
Start importing Assets/Prefabs/enemy ranged.prefab using Guid(e2e7f6af0f66ba840816bcf51c626240) Importer(815301076,1909f56bfc062723c751e8b465ee728b)  -> (artifact id: '629dcd5df70690b98f22a4d3e48ec012') in 0.013364 seconds
Number of updated asset objects reloaded before import = 0
Number of asset objects unloaded after import = 67
========================================================================
Received Import Request.
  Time since last request: 18.905283 seconds.
  path: Assets/Prefabs/enemy ranged.prefab
  artifactKey: Guid(e2e7f6af0f66ba840816bcf51c626240) Importer(815301076,1909f56bfc062723c751e8b465ee728b)
Start importing Assets/Prefabs/enemy ranged.prefab using Guid(e2e7f6af0f66ba840816bcf51c626240) Importer(815301076,1909f56bfc062723c751e8b465ee728b)  -> (artifact id: 'e9841d3d294a08ca6a00a87eced604a4') in 0.025570 seconds
Number of updated asset objects reloaded before import = 0
Number of asset objects unloaded after import = 67
========================================================================
Received Import Request.
  Time since last request: 3.000363 seconds.
  path: Assets/Prefabs/enemy ranged.prefab
  artifactKey: Guid(e2e7f6af0f66ba840816bcf51c626240) Importer(815301076,1909f56bfc062723c751e8b465ee728b)
Start importing Assets/Prefabs/enemy ranged.prefab using Guid(e2e7f6af0f66ba840816bcf51c626240) Importer(815301076,1909f56bfc062723c751e8b465ee728b)  -> (artifact id: 'c85cafaf863ae2f7f908d9cb9af0bde5') in 0.011862 seconds
Number of updated asset objects reloaded before import = 0
Number of asset objects unloaded after import = 67
========================================================================
Received Import Request.
  Time since last request: 10.918755 seconds.
  path: Assets/Prefabs/enemy ranged.prefab
  artifactKey: Guid(e2e7f6af0f66ba840816bcf51c626240) Importer(815301076,1909f56bfc062723c751e8b465ee728b)
Start importing Assets/Prefabs/enemy ranged.prefab using Guid(e2e7f6af0f66ba840816bcf51c626240) Importer(815301076,1909f56bfc062723c751e8b465ee728b)  -> (artifact id: 'd8735216d765e2dc9dfc54f3b416c165') in 0.011333 seconds
Number of updated asset objects reloaded before import = 0
Number of asset objects unloaded after import = 67
========================================================================
Received Import Request.
  Time since last request: 3.243424 seconds.
  path: Assets/Prefabs/enemy ranged.prefab
  artifactKey: Guid(e2e7f6af0f66ba840816bcf51c626240) Importer(815301076,1909f56bfc062723c751e8b465ee728b)
Start importing Assets/Prefabs/enemy ranged.prefab using Guid(e2e7f6af0f66ba840816bcf51c626240) Importer(815301076,1909f56bfc062723c751e8b465ee728b)  -> (artifact id: '33e4aabeee46c5714a8315228883dd18') in 0.025916 seconds
Number of updated asset objects reloaded before import = 0
Number of asset objects unloaded after import = 67
========================================================================
Received Import Request.
  Time since last request: 2.349092 seconds.
  path: Assets/Prefabs/enemy ranged.prefab
  artifactKey: Guid(e2e7f6af0f66ba840816bcf51c626240) Importer(815301076,1909f56bfc062723c751e8b465ee728b)
Start importing Assets/Prefabs/enemy ranged.prefab using Guid(e2e7f6af0f66ba840816bcf51c626240) Importer(815301076,1909f56bfc062723c751e8b465ee728b)  -> (artifact id: 'ac73bf9be3b978000ffa1ab8ecd8c17c') in 0.011623 seconds
Number of updated asset objects reloaded before import = 0
Number of asset objects unloaded after import = 67
========================================================================
Received Import Request.
  Time since last request: 10.157898 seconds.
  path: Assets/Prefabs/enemy ranged.prefab
  artifactKey: Guid(e2e7f6af0f66ba840816bcf51c626240) Importer(815301076,1909f56bfc062723c751e8b465ee728b)
Start importing Assets/Prefabs/enemy ranged.prefab using Guid(e2e7f6af0f66ba840816bcf51c626240) Importer(815301076,1909f56bfc062723c751e8b465ee728b)  -> (artifact id: '807a56424950e24796ecf65c87924ff3') in 0.012066 seconds
Number of updated asset objects reloaded before import = 0
Number of asset objects unloaded after import = 67
========================================================================
Received Import Request.
  Time since last request: 2.215065 seconds.
  path: Assets/Prefabs/enemy ranged.prefab
  artifactKey: Guid(e2e7f6af0f66ba840816bcf51c626240) Importer(815301076,1909f56bfc062723c751e8b465ee728b)
Start importing Assets/Prefabs/enemy ranged.prefab using Guid(e2e7f6af0f66ba840816bcf51c626240) Importer(815301076,1909f56bfc062723c751e8b465ee728b)  -> (artifact id: 'cefea2051289047512c6e9faf7454824') in 0.011774 seconds
Number of updated asset objects reloaded before import = 0
Number of asset objects unloaded after import = 67
========================================================================
Received Import Request.
  Time since last request: 1.374218 seconds.
  path: Assets/Prefabs/enemy ranged.prefab
  artifactKey: Guid(e2e7f6af0f66ba840816bcf51c626240) Importer(815301076,1909f56bfc062723c751e8b465ee728b)
Start importing Assets/Prefabs/enemy ranged.prefab using Guid(e2e7f6af0f66ba840816bcf51c626240) Importer(815301076,1909f56bfc062723c751e8b465ee728b)  -> (artifact id: '4e3f2d0878a42d75cba42ede35df5f63') in 0.012027 seconds
Number of updated asset objects reloaded before import = 0
Number of asset objects unloaded after import = 67
========================================================================
Received Import Request.
  Time since last request: 4.497049 seconds.
  path: Assets/Prefabs/enemy ranged.prefab
  artifactKey: Guid(e2e7f6af0f66ba840816bcf51c626240) Importer(815301076,1909f56bfc062723c751e8b465ee728b)
Start importing Assets/Prefabs/enemy ranged.prefab using Guid(e2e7f6af0f66ba840816bcf51c626240) Importer(815301076,1909f56bfc062723c751e8b465ee728b)  -> (artifact id: 'e509c2710f66aaf917ee87eb15ea6cc3') in 0.011244 seconds
Number of updated asset objects reloaded before import = 0
Number of asset objects unloaded after import = 67
========================================================================
Received Import Request.
  Time since last request: 15.171676 seconds.
  path: Assets/Prefabs/enemy ranged.prefab
  artifactKey: Guid(e2e7f6af0f66ba840816bcf51c626240) Importer(815301076,1909f56bfc062723c751e8b465ee728b)
Start importing Assets/Prefabs/enemy ranged.prefab using Guid(e2e7f6af0f66ba840816bcf51c626240) Importer(815301076,1909f56bfc062723c751e8b465ee728b)  -> (artifact id: 'ce600b6148e7004599cdafe78fe1a8e5') in 0.011500 seconds
Number of updated asset objects reloaded before import = 0
Number of asset objects unloaded after import = 67
========================================================================
Received Import Request.
  Time since last request: 2.209112 seconds.
  path: Assets/Prefabs/enemy ranged.prefab
  artifactKey: Guid(e2e7f6af0f66ba840816bcf51c626240) Importer(815301076,1909f56bfc062723c751e8b465ee728b)
Start importing Assets/Prefabs/enemy ranged.prefab using Guid(e2e7f6af0f66ba840816bcf51c626240) Importer(815301076,1909f56bfc062723c751e8b465ee728b)  -> (artifact id: 'f9e98b6c821895238fac0979ebca4021') in 0.012456 seconds
Number of updated asset objects reloaded before import = 0
Number of asset objects unloaded after import = 67
========================================================================
Received Import Request.
  Time since last request: 2.001904 seconds.
  path: Assets/Prefabs/enemy ranged.prefab
  artifactKey: Guid(e2e7f6af0f66ba840816bcf51c626240) Importer(815301076,1909f56bfc062723c751e8b465ee728b)
Start importing Assets/Prefabs/enemy ranged.prefab using Guid(e2e7f6af0f66ba840816bcf51c626240) Importer(815301076,1909f56bfc062723c751e8b465ee728b)  -> (artifact id: '7d77757483201278a26379ac4a5d3f14') in 0.012424 seconds
Number of updated asset objects reloaded before import = 0
Number of asset objects unloaded after import = 67
========================================================================
Received Import Request.
  Time since last request: 14.454515 seconds.
  path: Assets/Prefabs/enemy ranged.prefab
  artifactKey: Guid(e2e7f6af0f66ba840816bcf51c626240) Importer(815301076,1909f56bfc062723c751e8b465ee728b)
Start importing Assets/Prefabs/enemy ranged.prefab using Guid(e2e7f6af0f66ba840816bcf51c626240) Importer(815301076,1909f56bfc062723c751e8b465ee728b)  -> (artifact id: '2899d1c020644e52bcee9b9276db64a9') in 0.012106 seconds
Number of updated asset objects reloaded before import = 0
Number of asset objects unloaded after import = 67
========================================================================
Received Import Request.
  Time since last request: 1.789168 seconds.
  path: Assets/Prefabs/enemy ranged.prefab
  artifactKey: Guid(e2e7f6af0f66ba840816bcf51c626240) Importer(815301076,1909f56bfc062723c751e8b465ee728b)
Start importing Assets/Prefabs/enemy ranged.prefab using Guid(e2e7f6af0f66ba840816bcf51c626240) Importer(815301076,1909f56bfc062723c751e8b465ee728b)  -> (artifact id: '7378b6c3c0ac3da2c4a46426adea7d68') in 0.012991 seconds
Number of updated asset objects reloaded before import = 0
Number of asset objects unloaded after import = 67
========================================================================
Received Prepare
Begin MonoManager ReloadAssembly
Symbol file LoadedFromMemory doesn't match image D:\Casual Game Design Game\EldritchSashimi\EldritchSashimi\Library\PackageCache\com.unity.visualscripting@1.8.0\Editor\VisualScripting.Core\Dependencies\YamlDotNet\Unity.VisualScripting.YamlDotNet.dll
Symbol file LoadedFromMemory doesn't match image D:\Casual Game Design Game\EldritchSashimi\EldritchSashimi\Library\PackageCache\com.unity.visualscripting@1.8.0\Editor\VisualScripting.Core\Dependencies\DotNetZip\Unity.VisualScripting.IonicZip.dll
- Loaded All Assemblies, in  0.687 seconds
Refreshing native plugins compatible for Editor in 6.53 ms, found 3 plugins.
Native extension for WindowsStandalone target not found
Mono: successfully reloaded assembly
[Package Manager] Server::EnsureServerProcessIsRunning -- launch failed, reason: Unity was launched with the -noUpm command-line argument
[Package Manager] UpmClient::Send -- Unable to send message (not connected to UPM process).
[Package Manager] Cannot connect to Unity Package Manager local server
- Finished resetting the current domain, in  0.920 seconds
Domain Reload Profiling: 1604ms
	BeginReloadAssembly (151ms)
		ExecutionOrderSort (0ms)
		DisableScriptedObjects (5ms)
		BackupInstance (0ms)
		ReleaseScriptingObjects (0ms)
		CreateAndSetChildDomain (36ms)
	RebuildCommonClasses (37ms)
	RebuildNativeTypeToScriptingClass (11ms)
	initialDomainReloadingComplete (32ms)
	LoadAllAssembliesAndSetupDomain (452ms)
		LoadAssemblies (268ms)
		RebuildTransferFunctionScriptingTraits (0ms)
		AnalyzeDomain (257ms)
			TypeCache.Refresh (250ms)
				TypeCache.ScanAssembly (239ms)
			ScanForSourceGeneratedMonoScriptInfo (0ms)
			ResolveRequiredComponents (7ms)
	FinalizeReload (920ms)
		ReleaseScriptCaches (0ms)
		RebuildScriptCaches (0ms)
		SetupLoadedEditorAssemblies (412ms)
			LogAssemblyErrors (0ms)
			InitializePlatformSupportModulesInManaged (8ms)
			SetLoadedEditorAssemblies (4ms)
			RefreshPlugins (0ms)
			BeforeProcessingInitializeOnLoad (73ms)
			ProcessInitializeOnLoadAttributes (295ms)
			ProcessInitializeOnLoadMethodAttributes (20ms)
			AfterProcessingInitializeOnLoad (12ms)
			EditorAssembliesLoaded (0ms)
		ExecutionOrderSort2 (0ms)
		AwakeInstancesAfterBackupRestoration (7ms)
Refreshing native plugins compatible for Editor in 6.02 ms, found 3 plugins.
Preloading 0 native plugins for Editor in 0.00 ms.
Unloading 3732 Unused Serialized files (Serialized files now loaded: 0)
Unloading 37 unused Assets / (109.8 KB). Loaded Objects now: 4285.
Memory consumption went from 135.4 MB to 135.2 MB.
Total: 3.161100 ms (FindLiveObjects: 0.354900 ms CreateObjectMapping: 0.091800 ms MarkObjects: 2.588400 ms  DeleteObjects: 0.124900 ms)

Prepare: number of updated asset objects reloaded= 0
AssetImportParameters requested are different than current active one (requested -> active):
  custom:container-demuxer-ogg: 62fdf1f143b41e24485cea50d1cbac27 -> 
  custom:video-decoder-ogg-theora: a1e56fd34408186e4bbccfd4996cb3dc -> 
  custom:framework-win-MediaFoundation: 216162199b28c13a410421893ffa2e32 -> 
  custom:container-demuxer-webm: 4f35f7cbe854078d1ac9338744f61a02 -> 
  custom:container-muxer-webm: aa71ff27fc2769a1b78a27578f13a17b -> 
  custom:video-decoder-webm-vp8: 9c59270c3fd7afecdb556c50c9e8de78 -> 
  custom:AudioImporter_EditorPlatform: d09bf68614088b80899f8185d706f6e7 -> 
  custom:video-encoder-webm-vp8: eb34c28f22e8b96e1ab97ce403110664 -> 
  custom:audio-decoder-ogg-vorbis: bf7c407c2cedff20999df2af8eb42d56 -> 
  custom:audio-encoder-webm-vorbis: bf7c407c2cedff20999df2af8eb42d56 -> 
========================================================================
Received Import Request.
  Time since last request: 25.195022 seconds.
  path: Assets/Scripts
  artifactKey: Guid(0b1edc0c9b276ba4b8c02a4702b1d76b) Importer(815301076,1909f56bfc062723c751e8b465ee728b)
Start importing Assets/Scripts using Guid(0b1edc0c9b276ba4b8c02a4702b1d76b) Importer(815301076,1909f56bfc062723c751e8b465ee728b)  -> (artifact id: 'd37dfc72260f112301ed8c87e074680e') in 0.002676 seconds
Number of updated asset objects reloaded before import = 0
Number of asset objects unloaded after import = 0
========================================================================
Received Import Request.
  Time since last request: 1.354110 seconds.
  path: Assets/Scripts/PlayerScript
  artifactKey: Guid(956f728cb852c1d4dab970edbf59e001) Importer(815301076,1909f56bfc062723c751e8b465ee728b)
Start importing Assets/Scripts/PlayerScript using Guid(956f728cb852c1d4dab970edbf59e001) Importer(815301076,1909f56bfc062723c751e8b465ee728b)  -> (artifact id: 'a2faeb9173d3dc02189a5e4202c05a2b') in 0.000462 seconds
Number of updated asset objects reloaded before import = 0
Number of asset objects unloaded after import = 0
========================================================================
Received Prepare
Begin MonoManager ReloadAssembly
Symbol file LoadedFromMemory doesn't match image D:\Casual Game Design Game\EldritchSashimi\EldritchSashimi\Library\PackageCache\com.unity.visualscripting@1.8.0\Editor\VisualScripting.Core\Dependencies\YamlDotNet\Unity.VisualScripting.YamlDotNet.dll
Symbol file LoadedFromMemory doesn't match image D:\Casual Game Design Game\EldritchSashimi\EldritchSashimi\Library\PackageCache\com.unity.visualscripting@1.8.0\Editor\VisualScripting.Core\Dependencies\DotNetZip\Unity.VisualScripting.IonicZip.dll
- Loaded All Assemblies, in  0.729 seconds
Refreshing native plugins compatible for Editor in 5.19 ms, found 3 plugins.
Native extension for WindowsStandalone target not found
Mono: successfully reloaded assembly
[Package Manager] Server::EnsureServerProcessIsRunning -- launch failed, reason: Unity was launched with the -noUpm command-line argument
[Package Manager] UpmClient::Send -- Unable to send message (not connected to UPM process).
[Package Manager] Cannot connect to Unity Package Manager local server
- Finished resetting the current domain, in  0.850 seconds
Domain Reload Profiling: 1577ms
	BeginReloadAssembly (193ms)
		ExecutionOrderSort (0ms)
		DisableScriptedObjects (7ms)
		BackupInstance (0ms)
		ReleaseScriptingObjects (0ms)
		CreateAndSetChildDomain (56ms)
	RebuildCommonClasses (45ms)
	RebuildNativeTypeToScriptingClass (12ms)
	initialDomainReloadingComplete (33ms)
	LoadAllAssembliesAndSetupDomain (443ms)
		LoadAssemblies (271ms)
		RebuildTransferFunctionScriptingTraits (0ms)
		AnalyzeDomain (256ms)
			TypeCache.Refresh (248ms)
				TypeCache.ScanAssembly (238ms)
			ScanForSourceGeneratedMonoScriptInfo (3ms)
			ResolveRequiredComponents (5ms)
	FinalizeReload (851ms)
		ReleaseScriptCaches (0ms)
		RebuildScriptCaches (0ms)
		SetupLoadedEditorAssemblies (383ms)
			LogAssemblyErrors (0ms)
			InitializePlatformSupportModulesInManaged (8ms)
			SetLoadedEditorAssemblies (4ms)
			RefreshPlugins (0ms)
			BeforeProcessingInitializeOnLoad (69ms)
			ProcessInitializeOnLoadAttributes (272ms)
			ProcessInitializeOnLoadMethodAttributes (16ms)
			AfterProcessingInitializeOnLoad (13ms)
			EditorAssembliesLoaded (0ms)
		ExecutionOrderSort2 (0ms)
		AwakeInstancesAfterBackupRestoration (8ms)
Refreshing native plugins compatible for Editor in 5.63 ms, found 3 plugins.
Preloading 0 native plugins for Editor in 0.00 ms.
Unloading 3732 Unused Serialized files (Serialized files now loaded: 0)
Unloading 37 unused Assets / (109.0 KB). Loaded Objects now: 4300.
Memory consumption went from 135.4 MB to 135.3 MB.
Total: 3.235100 ms (FindLiveObjects: 0.427100 ms CreateObjectMapping: 0.105200 ms MarkObjects: 2.625800 ms  DeleteObjects: 0.075800 ms)

Prepare: number of updated asset objects reloaded= 0
AssetImportParameters requested are different than current active one (requested -> active):
  custom:container-demuxer-ogg: 62fdf1f143b41e24485cea50d1cbac27 -> 
  custom:video-decoder-ogg-theora: a1e56fd34408186e4bbccfd4996cb3dc -> 
  custom:framework-win-MediaFoundation: 216162199b28c13a410421893ffa2e32 -> 
  custom:container-demuxer-webm: 4f35f7cbe854078d1ac9338744f61a02 -> 
  custom:container-muxer-webm: aa71ff27fc2769a1b78a27578f13a17b -> 
  custom:video-decoder-webm-vp8: 9c59270c3fd7afecdb556c50c9e8de78 -> 
  custom:AudioImporter_EditorPlatform: d09bf68614088b80899f8185d706f6e7 -> 
  custom:video-encoder-webm-vp8: eb34c28f22e8b96e1ab97ce403110664 -> 
  custom:audio-decoder-ogg-vorbis: bf7c407c2cedff20999df2af8eb42d56 -> 
  custom:audio-encoder-webm-vorbis: bf7c407c2cedff20999df2af8eb42d56 -> 
========================================================================
Received Import Request.
  Time since last request: 18.971147 seconds.
  path: Assets/Scripts/PlayerScript/PlayerController.cs
  artifactKey: Guid(57c6a14a1da291a4d824dd38cd71b63a) Importer(815301076,1909f56bfc062723c751e8b465ee728b)
Start importing Assets/Scripts/PlayerScript/PlayerController.cs using Guid(57c6a14a1da291a4d824dd38cd71b63a) Importer(815301076,1909f56bfc062723c751e8b465ee728b)  -> (artifact id: 'afc2e1df6ed52d8935ad8e62dd4cb72e') in 0.002680 seconds
Number of updated asset objects reloaded before import = 0
Number of asset objects unloaded after import = 0
========================================================================
Received Prepare
Begin MonoManager ReloadAssembly
Symbol file LoadedFromMemory doesn't match image D:\Casual Game Design Game\EldritchSashimi\EldritchSashimi\Library\PackageCache\com.unity.visualscripting@1.8.0\Editor\VisualScripting.Core\Dependencies\YamlDotNet\Unity.VisualScripting.YamlDotNet.dll
Symbol file LoadedFromMemory doesn't match image D:\Casual Game Design Game\EldritchSashimi\EldritchSashimi\Library\PackageCache\com.unity.visualscripting@1.8.0\Editor\VisualScripting.Core\Dependencies\DotNetZip\Unity.VisualScripting.IonicZip.dll
- Loaded All Assemblies, in  0.719 seconds
Refreshing native plugins compatible for Editor in 8.63 ms, found 3 plugins.
Native extension for WindowsStandalone target not found
Mono: successfully reloaded assembly
[Package Manager] Server::EnsureServerProcessIsRunning -- launch failed, reason: Unity was launched with the -noUpm command-line argument
[Package Manager] UpmClient::Send -- Unable to send message (not connected to UPM process).
[Package Manager] Cannot connect to Unity Package Manager local server
- Finished resetting the current domain, in  0.974 seconds
Domain Reload Profiling: 1689ms
	BeginReloadAssembly (148ms)
		ExecutionOrderSort (0ms)
		DisableScriptedObjects (5ms)
		BackupInstance (0ms)
		ReleaseScriptingObjects (0ms)
		CreateAndSetChildDomain (33ms)
	RebuildCommonClasses (38ms)
	RebuildNativeTypeToScriptingClass (11ms)
	initialDomainReloadingComplete (39ms)
	LoadAllAssembliesAndSetupDomain (478ms)
		LoadAssemblies (276ms)
		RebuildTransferFunctionScriptingTraits (0ms)
		AnalyzeDomain (274ms)
			TypeCache.Refresh (268ms)
				TypeCache.ScanAssembly (254ms)
			ScanForSourceGeneratedMonoScriptInfo (0ms)
			ResolveRequiredComponents (6ms)
	FinalizeReload (974ms)
		ReleaseScriptCaches (0ms)
		RebuildScriptCaches (0ms)
		SetupLoadedEditorAssemblies (450ms)
			LogAssemblyErrors (0ms)
			InitializePlatformSupportModulesInManaged (8ms)
			SetLoadedEditorAssemblies (5ms)
			RefreshPlugins (0ms)
			BeforeProcessingInitializeOnLoad (79ms)
			ProcessInitializeOnLoadAttributes (322ms)
			ProcessInitializeOnLoadMethodAttributes (21ms)
			AfterProcessingInitializeOnLoad (14ms)
			EditorAssembliesLoaded (0ms)
		ExecutionOrderSort2 (0ms)
		AwakeInstancesAfterBackupRestoration (7ms)
Refreshing native plugins compatible for Editor in 5.88 ms, found 3 plugins.
Preloading 0 native plugins for Editor in 0.00 ms.
Unloading 3732 Unused Serialized files (Serialized files now loaded: 0)
Unloading 37 unused Assets / (108.8 KB). Loaded Objects now: 4315.
Memory consumption went from 135.4 MB to 135.3 MB.
Total: 3.280600 ms (FindLiveObjects: 0.527300 ms CreateObjectMapping: 0.101600 ms MarkObjects: 2.553800 ms  DeleteObjects: 0.097000 ms)

Prepare: number of updated asset objects reloaded= 0
AssetImportParameters requested are different than current active one (requested -> active):
  custom:container-demuxer-ogg: 62fdf1f143b41e24485cea50d1cbac27 -> 
  custom:video-decoder-ogg-theora: a1e56fd34408186e4bbccfd4996cb3dc -> 
  custom:framework-win-MediaFoundation: 216162199b28c13a410421893ffa2e32 -> 
  custom:container-demuxer-webm: 4f35f7cbe854078d1ac9338744f61a02 -> 
  custom:container-muxer-webm: aa71ff27fc2769a1b78a27578f13a17b -> 
  custom:video-decoder-webm-vp8: 9c59270c3fd7afecdb556c50c9e8de78 -> 
  custom:AudioImporter_EditorPlatform: d09bf68614088b80899f8185d706f6e7 -> 
  custom:video-encoder-webm-vp8: eb34c28f22e8b96e1ab97ce403110664 -> 
  custom:audio-decoder-ogg-vorbis: bf7c407c2cedff20999df2af8eb42d56 -> 
  custom:audio-encoder-webm-vorbis: bf7c407c2cedff20999df2af8eb42d56 -> 
